<?xml version="1.0" encoding="UTF-8"?>
<!-- Generated by org.testng.reporters.JUnitReportReporter -->
<testsuite hostname="DESKTOP-SL4HD5G" failures="0" tests="1" name="com.test.java.Demo_Test" time="10.681" errors="0" timestamp="2024-03-14T19:07:55 IST" skipped="0">
  <testcase classname="com.test.java.Demo_Test" name="TC_01" time="10.681"/>
  <system-out/>
</testsuite> <!-- com.test.java.Demo_Test -->
